2022-08-10 14:55:27,601  INFO [TestNG-test=ChromeTest-2] sauceDemo:50 - Browser is open
2022-08-10 14:55:27,597  INFO [TestNG-test=ChromeTest-4] sauceDemo:50 - Browser is open
2022-08-10 14:55:27,593  INFO [TestNG-test=ChromeTest-1] sauceDemo:50 - Browser is open
2022-08-10 14:55:27,604  INFO [TestNG-test=ChromeTest-3] sauceDemo:50 - Browser is open
2022-08-10 14:55:32,600  INFO [TestNG-test=ChromeTest-4] sauceDemo:55 - Browser is maximize
2022-08-10 14:55:32,618  INFO [TestNG-test=ChromeTest-1] sauceDemo:55 - Browser is maximize
2022-08-10 14:55:32,622  INFO [TestNG-test=ChromeTest-2] sauceDemo:55 - Browser is maximize
2022-08-10 14:55:32,619  INFO [TestNG-test=ChromeTest-3] sauceDemo:55 - Browser is maximize
2022-08-10 14:55:34,167  INFO [TestNG-test=ChromeTest-3] sauceDemo:58 - Browser is maximize
2022-08-10 14:55:34,167  INFO [TestNG-test=ChromeTest-4] sauceDemo:58 - Browser is maximize
2022-08-10 14:55:34,167  INFO [TestNG-test=ChromeTest-1] sauceDemo:58 - Browser is maximize
2022-08-10 14:55:34,167  INFO [TestNG-test=ChromeTest-2] sauceDemo:58 - Browser is maximize
2022-08-10 14:55:37,435  INFO [TestNG-test=ChromeTest-4] sauceDemo:63 - username is entered
2022-08-10 14:55:37,495  INFO [TestNG-test=ChromeTest-3] sauceDemo:63 - username is entered
2022-08-10 14:55:37,515  INFO [TestNG-test=ChromeTest-2] sauceDemo:63 - username is entered
2022-08-10 14:55:37,539  INFO [TestNG-test=ChromeTest-1] sauceDemo:63 - username is entered
2022-08-10 14:55:37,881  INFO [TestNG-test=ChromeTest-4] sauceDemo:65 - password is entered
2022-08-10 14:55:37,968  INFO [TestNG-test=ChromeTest-3] sauceDemo:65 - password is entered
2022-08-10 14:55:37,974  INFO [TestNG-test=ChromeTest-1] sauceDemo:65 - password is entered
2022-08-10 14:55:38,028  INFO [TestNG-test=ChromeTest-2] sauceDemo:65 - password is entered
2022-08-10 14:55:41,198  INFO [TestNG-test=ChromeTest-3] sauceDemo:67 - loginbutton click
2022-08-10 14:55:41,207  INFO [TestNG-test=ChromeTest-2] sauceDemo:67 - loginbutton click
2022-08-10 14:55:41,212  INFO [TestNG-test=ChromeTest-1] sauceDemo:67 - loginbutton click
2022-08-10 14:55:41,253  INFO [TestNG-test=ChromeTest-4] sauceDemo:67 - loginbutton click
2022-08-10 14:55:42,717  INFO [TestNG-test=ChromeTest-4] sauceDemo:69 - Screeenshot is taken
2022-08-10 14:55:43,366  INFO [TestNG-test=ChromeTest-2] sauceDemo:69 - Screeenshot is taken
2022-08-10 14:55:43,366  INFO [TestNG-test=ChromeTest-1] sauceDemo:69 - Screeenshot is taken
2022-08-10 14:55:51,652  INFO [TestNG-test=ChromeTest-3] sauceDemo:69 - Screeenshot is taken
2022-08-10 14:55:52,791  INFO [TestNG-test=ChromeTest-3] sauceDemo:76 - Browser is close
2022-08-10 14:55:52,791  INFO [TestNG-test=ChromeTest-1] sauceDemo:76 - Browser is close
2022-08-10 14:55:52,791  INFO [TestNG-test=ChromeTest-2] sauceDemo:76 - Browser is close
2022-08-10 14:55:52,797  INFO [TestNG-test=ChromeTest-4] sauceDemo:76 - Browser is close
